1757867504,,,http://rhsbjv7k.tvclub.xyz/iptv/X3SB52VH9P584RLVQNY5ARNB/20219/index.m3u8,86
1757867647,,,http://rhsbjv7k.tvclub.xyz/iptv/X3SB52VH9P584RLVQNY5ARNB/20219/index.m3u8,86
1757868736,24,Sky Sports News HD 50 UK,http://rhsbjv7k.tvclub.xyz/iptv/3G86VGDV4TLZSA/9314/index.m3u8,101
1757868988,24,Sky Sports News HD 50 UK,http://rhsbjv7k.tvclub.xyz/iptv/3G86VGDV4TLZSA/9314/index.m3u8,101
1757869387,24,Sky Sports News HD 50 UK,http://rhsbjv7k.tvclub.xyz/iptv/3G86VGDV4TLZSA/9314/index.m3u8,101
1757869831,24,Sky Sports News HD 50 UK,http://rhsbjv7k.tvclub.xyz/iptv/3G86VGDV4TLZSA/9314/index.m3u8,101
1757869879,24,Sky Sports News HD 50 UK,http://rhsbjv7k.tvclub.xyz/iptv/3G86VGDV4TLZSA/9314/index.m3u8,101
1757869932,24,Sky Sports News HD 50 UK,http://rhsbjv7k.tvclub.xyz/iptv/3G86VGDV4TLZSA/9314/index.m3u8,101
1757869938,33,Экоспаскоми (Коми),http://rhsbjv7k.tvclub.xyz/iptv/3G86VGDV4TLZSA/17018/index.m3u8,111
1757870067,,,http://rhsbjv7k.tvclub.xyz/iptv/X3SB52VH9P584RLVQNY5ARNB/20219/index.m3u8,86
1757870181,,,http://rhsbjv7k.tvclub.xyz/iptv/X3SB52VH9P584RLVQNY5ARNB/20219/index.m3u8,86
1757871572,,,http://rhsbjv7k.tvclub.xyz/iptv/X3SB52VH9P584RLVQNY5ARNB/20219/index.m3u8,86
1757872426,,,http://rhsbjv7k.tvclub.xyz/iptv/X3SB52VH9P584RLVQNY5ARNB/20219/index.m3u8,86
1757872510,,,http://rhsbjv7k.tvclub.xyz/iptv/X3SB52VH9P584RLVQNY5ARNB/20219/index.m3u8,86
1757872642,,,http://rhsbjv7k.tvclub.xyz/iptv/X3SB52VH9P584RLVQNY5ARNB/20219/index.m3u8,86
1757872729,,,http://rhsbjv7k.tvclub.xyz/iptv/X3SB52VH9P584RLVQNY5ARNB/20219/index.m3u8,86
1757872989,33,Экоспаскоми (Коми),http://rhsbjv7k.tvclub.xyz/iptv/3G86VGDV4TLZSA/17018/index.m3u8,111
1757873176,56,Человек-паук: Вдали от дома (2019),https://vod.plvideo.ru/FbZEopwh/0GRdptsjAb/zE2SWKS3V_Lr9kGrgfX/ZX,136
1757873188,56,Человек-паук: Вдали от дома (2019),https://vod.plvideo.ru/FbZEopwh/0GRdptsjAb/zE2SWKS3V_Lr9kGrgfX/ZX,136
1757874201,138,Мурашки от этой песни! Душу рвет! Послушайте! НЕЗНАКОМКА Вячеслав Сидоренко,https://www.youtube.com/watch?v=SSFGmtdEtms,197
1757874432,138,Мурашки от этой песни! Душу рвет! Послушайте! НЕЗНАКОМКА Вячеслав Сидоренко,https://www.youtube.com/watch?v=SSFGmtdEtms,197
1757876679,138,Мурашки от этой песни! Душу рвет! Послушайте! НЕЗНАКОМКА Вячеслав Сидоренко,https://www.youtube.com/watch?v=SSFGmtdEtms,197
1757876701,139,По битому стеклу - Мужской крик души. Песня, которая пробирает до мурашек (2025),https://youtu.be/YbwwyY9n2PI?si=DezPp6umkTOYfcDF,203
1757876826,43,Clea.gaultier.sexy.lingerie.dp.threesome.4k,https://vkvideo.ru/video-226828199_456240089,102
1757877819,43,Clea.gaultier.sexy.lingerie.dp.threesome.4k,https://vkvideo.ru/video-226828199_456240089,102
1757877843,43,Clea.gaultier.sexy.lingerie.dp.threesome.4k,https://vkvideo.ru/video-226828199_456240089,102
1757877898,43,Clea.gaultier.sexy.lingerie.dp.threesome.4k,https://vkvideo.ru/video-226828199_456240089,102
1757877909,19,Alisa-Kovi-GL317-4K,https://vkvideo.ru/video-226828199_456239234,78
1757878028,56,Человек-паук: Вдали от дома (2019),https://vod.plvideo.ru/FbZEopwh/0GRdptsjAb/zE2SWKS3V_Lr9kGrgfX/ZX,136
1757878081,23,Мстители (2012),https://vod.plvideo.ru/FbZEopwh/zaA4EcW22E/zE2SWKShtiO58I9aBDT/ZX,103
1757878540,,,http://rhsbjv7k.tvclub.xyz/iptv/X3SB52VH9P584RLVQNY5ARNB/20219/index.m3u8,86
1757878548,23,VF Граиндхаус,http://rhsbjv7k.tvclub.xyz/iptv/X3SB52VH9P584RLVQNY5ARNB/14158/index.m3u8,111
1757878552,7,Playboy,http://rhsbjv7k.tvclub.xyz/iptv/X3SB52VH9P584RLVQNY5ARNB/527/index.m3u8,92
1757878558,11,Redlight HD,http://rhsbjv7k.tvclub.xyz/iptv/X3SB52VH9P584RLVQNY5ARNB/242/index.m3u8,97
1757878563,10,Hustler HD,http://rhsbjv7k.tvclub.xyz/iptv/X3SB52VH9P584RLVQNY5ARNB/244/index.m3u8,96
1757878567,12,Vivid Red HD,http://rhsbjv7k.tvclub.xyz/iptv/X3SB52VH9P584RLVQNY5ARNB/2162/index.m3u8,99
1757878574,18,Extasy Platinum 4K,http://rhsbjv7k.tvclub.xyz/iptv/X3SB52VH9P584RLVQNY5ARNB/5014/index.m3u8,105
1757878609,6,Tiny4K,http://rhsbjv7k.tvclub.xyz/iptv/X3SB52VH9P584RLVQNY5ARNB/6258/index.m3u8,92
1757878617,9,Cum4k UHD,http://rhsbjv7k.tvclub.xyz/iptv/X3SB52VH9P584RLVQNY5ARNB/12157/index.m3u8,96
1757880748,,,/mnt/sdd/`Test/[SUHD_HDR]Chasing_the_Light.ts,58
1757923496,5,H2 HD,http://127.0.0.1:6878/ace/getstream?id=88e804faf482b3caa0a680c931bdd1578c4bfbee,98
1757923521,29,Остросюжетное HD,http://127.0.0.1:6878/ace/getstream?id=6f294641e0d31c8c09e11a79bde0e2b2a28fb4f5,123
1757924658,,,/home/safe/.config/mpv/doc/mpbindings.png,54
1757924772,,,/home/safe/.config/mpv/doc/mpbindings.png,54
1757924833,,,/home/safe/.config/mpv/doc/mpbindings.png,54
1757926760,,,/home/safe/.config/mpv/doc/mpbindings.png,54
1757927517,,,/home/safe/.config/mpv/doc/mpbindings.png,54
1757927605,,,/home/safe/.config/mpv/doc/mpbindings.png,54
1757928355,9,Cum4k UHD,http://rhsbjv7k.tvclub.xyz/iptv/X3SB52VH9P584RLVQNY5ARNB/12157/index.m3u8,96
1757928365,14,Cum Perfection,http://rhsbjv7k.tvclub.xyz/iptv/X3SB52VH9P584RLVQNY5ARNB/12158/index.m3u8,102
1757928369,10,MetArt FHD,http://rhsbjv7k.tvclub.xyz/iptv/X3SB52VH9P584RLVQNY5ARNB/12160/index.m3u8,98
1757928371,10,Bratty Sis,http://rhsbjv7k.tvclub.xyz/iptv/X3SB52VH9P584RLVQNY5ARNB/12161/index.m3u8,98
1757928374,18,Brand New Amateurs,http://rhsbjv7k.tvclub.xyz/iptv/X3SB52VH9P584RLVQNY5ARNB/12162/index.m3u8,106
1757928377,10,Beate Uhse,http://rhsbjv7k.tvclub.xyz/iptv/X3SB52VH9P584RLVQNY5ARNB/12163/index.m3u8,98
1757928380,7,BBC Pie,http://rhsbjv7k.tvclub.xyz/iptv/X3SB52VH9P584RLVQNY5ARNB/12164/index.m3u8,94
1757928383,15,Barely Legal TV,http://rhsbjv7k.tvclub.xyz/iptv/X3SB52VH9P584RLVQNY5ARNB/12165/index.m3u8,103
1757928455,,,/home/safe/.config/mpv/doc/mpbindings.png,54
1757928480,,,/home/safe/.config/mpv/doc/mpbindings.png,54
1757928486,15,Barely Legal TV,http://rhsbjv7k.tvclub.xyz/iptv/X3SB52VH9P584RLVQNY5ARNB/12165/index.m3u8,103
1757928524,8,Bang POV,http://rhsbjv7k.tvclub.xyz/iptv/X3SB52VH9P584RLVQNY5ARNB/12166/index.m3u8,95
1757928527,8,Bang Bus,http://rhsbjv7k.tvclub.xyz/iptv/X3SB52VH9P584RLVQNY5ARNB/12167/index.m3u8,95
1757928529,12,Banana Fever,http://rhsbjv7k.tvclub.xyz/iptv/X3SB52VH9P584RLVQNY5ARNB/12168/index.m3u8,100
1757928533,8,Bang Bus,http://rhsbjv7k.tvclub.xyz/iptv/X3SB52VH9P584RLVQNY5ARNB/12167/index.m3u8,95
1757928535,8,Bang POV,http://rhsbjv7k.tvclub.xyz/iptv/X3SB52VH9P584RLVQNY5ARNB/12166/index.m3u8,95
1757928537,15,Barely Legal TV,http://rhsbjv7k.tvclub.xyz/iptv/X3SB52VH9P584RLVQNY5ARNB/12165/index.m3u8,103
1757928639,,,/home/safe/.config/mpv/doc/mpbindings.png,54
1757928745,,,/home/safe/.config/mpv/doc/mpbindings.png,54
1757928756,,,/home/safe/.config/mpv/scripts/node_modules/charset/coverage/lcov-report/sort-arrow-sprite.png,107
1757928763,,,/home/safe/.config/mpv/scripts/node_modules/ecstatic/example/public/turtle.png,91
1757928772,,,/home/safe/.config/mpv/scripts/node_modules/node-ssdp/coverage/lcov-report/sort-arrow-sprite.png,109
1757929109,15,Barely Legal TV,http://rhsbjv7k.tvclub.xyz/iptv/X3SB52VH9P584RLVQNY5ARNB/12165/index.m3u8,103
1757929115,7,BBC Pie,http://rhsbjv7k.tvclub.xyz/iptv/X3SB52VH9P584RLVQNY5ARNB/12164/index.m3u8,94
1757929118,10,Beate Uhse,http://rhsbjv7k.tvclub.xyz/iptv/X3SB52VH9P584RLVQNY5ARNB/12163/index.m3u8,98
1757929121,18,Brand New Amateurs,http://rhsbjv7k.tvclub.xyz/iptv/X3SB52VH9P584RLVQNY5ARNB/12162/index.m3u8,106
1757929125,10,Bratty Sis,http://rhsbjv7k.tvclub.xyz/iptv/X3SB52VH9P584RLVQNY5ARNB/12161/index.m3u8,98
1757929127,10,MetArt FHD,http://rhsbjv7k.tvclub.xyz/iptv/X3SB52VH9P584RLVQNY5ARNB/12160/index.m3u8,98
1757929130,14,Cum Perfection,http://rhsbjv7k.tvclub.xyz/iptv/X3SB52VH9P584RLVQNY5ARNB/12158/index.m3u8,102
1757929132,9,Cum4k UHD,http://rhsbjv7k.tvclub.xyz/iptv/X3SB52VH9P584RLVQNY5ARNB/12157/index.m3u8,96
1757929136,14,Family Strokes,http://rhsbjv7k.tvclub.xyz/iptv/X3SB52VH9P584RLVQNY5ARNB/12156/index.m3u8,102
1757929140,11,Family Swap,http://rhsbjv7k.tvclub.xyz/iptv/X3SB52VH9P584RLVQNY5ARNB/12155/index.m3u8,99
1757929628,11,Family Swap,http://rhsbjv7k.tvclub.xyz/iptv/X3SB52VH9P584RLVQNY5ARNB/12155/index.m3u8,99
1757929645,19,Alisa-Kovi-GL317-4K,https://vkvideo.ru/video-226828199_456239234,78
1757929662,23,Мстители (2012),https://vod.plvideo.ru/FbZEopwh/zaA4EcW22E/zE2SWKShtiO58I9aBDT/ZX,103
1757929817,,,/home/safe/.config/mpv/doc/mpbindings.png,54
1757929823,,,/home/safe/.config/mpv/scripts/node_modules/node-ssdp/coverage/lcov-report/sort-arrow-sprite.png,109
1757929901,11,Family Swap,http://rhsbjv7k.tvclub.xyz/iptv/X3SB52VH9P584RLVQNY5ARNB/12155/index.m3u8,99
1757929909,14,Family Strokes,http://rhsbjv7k.tvclub.xyz/iptv/X3SB52VH9P584RLVQNY5ARNB/12156/index.m3u8,102
1757929912,9,Cum4k UHD,http://rhsbjv7k.tvclub.xyz/iptv/X3SB52VH9P584RLVQNY5ARNB/12157/index.m3u8,96
1757929915,14,Cum Perfection,http://rhsbjv7k.tvclub.xyz/iptv/X3SB52VH9P584RLVQNY5ARNB/12158/index.m3u8,102
1757929918,10,MetArt FHD,http://rhsbjv7k.tvclub.xyz/iptv/X3SB52VH9P584RLVQNY5ARNB/12160/index.m3u8,98
1757929924,10,Bratty Sis,http://rhsbjv7k.tvclub.xyz/iptv/X3SB52VH9P584RLVQNY5ARNB/12161/index.m3u8,98
1757929928,10,MetArt FHD,http://rhsbjv7k.tvclub.xyz/iptv/X3SB52VH9P584RLVQNY5ARNB/12160/index.m3u8,98
1757929936,10,Bratty Sis,http://rhsbjv7k.tvclub.xyz/iptv/X3SB52VH9P584RLVQNY5ARNB/12161/index.m3u8,98
1757929937,18,Brand New Amateurs,http://rhsbjv7k.tvclub.xyz/iptv/X3SB52VH9P584RLVQNY5ARNB/12162/index.m3u8,106
1757929940,10,Beate Uhse,http://rhsbjv7k.tvclub.xyz/iptv/X3SB52VH9P584RLVQNY5ARNB/12163/index.m3u8,98
1757929941,7,BBC Pie,http://rhsbjv7k.tvclub.xyz/iptv/X3SB52VH9P584RLVQNY5ARNB/12164/index.m3u8,94
1757929944,15,Barely Legal TV,http://rhsbjv7k.tvclub.xyz/iptv/X3SB52VH9P584RLVQNY5ARNB/12165/index.m3u8,103
1757929947,8,Bang POV,http://rhsbjv7k.tvclub.xyz/iptv/X3SB52VH9P584RLVQNY5ARNB/12166/index.m3u8,95
1757929950,8,Bang Bus,http://rhsbjv7k.tvclub.xyz/iptv/X3SB52VH9P584RLVQNY5ARNB/12167/index.m3u8,95
1757930020,8,Bang Bus,http://rhsbjv7k.tvclub.xyz/iptv/X3SB52VH9P584RLVQNY5ARNB/12167/index.m3u8,95
1757930023,12,Banana Fever,http://rhsbjv7k.tvclub.xyz/iptv/X3SB52VH9P584RLVQNY5ARNB/12168/index.m3u8,100
1757930029,13,Asshole Fever,http://rhsbjv7k.tvclub.xyz/iptv/X3SB52VH9P584RLVQNY5ARNB/12169/index.m3u8,101
1757930213,,,/home/safe/.config/mpv/doc/mpbindings.png,54
1757930314,13,Asshole Fever,http://rhsbjv7k.tvclub.xyz/iptv/X3SB52VH9P584RLVQNY5ARNB/12169/index.m3u8,101
1757930337,10,Ass Parade,http://rhsbjv7k.tvclub.xyz/iptv/X3SB52VH9P584RLVQNY5ARNB/12178/index.m3u8,98
1757930340,9,Anal Time,http://rhsbjv7k.tvclub.xyz/iptv/X3SB52VH9P584RLVQNY5ARNB/12181/index.m3u8,96
1757930342,16,Anal Teen Angels,http://rhsbjv7k.tvclub.xyz/iptv/X3SB52VH9P584RLVQNY5ARNB/12183/index.m3u8,104
1757940932,,,/home/safe/disk_kom/freedownloadmanager/icon.png,61
1757941444,,,/home/safe/disk_kom/freedownloadmanager/icon.png,61
1757954734,,,/home/safe/Загрузки/jinx-league-of-legends-ai-art-5k-x1-3840x2160.jpg,90
1757954783,29,Остросюжетное HD,http://127.0.0.1:6878/ace/getstream?id=6f294641e0d31c8c09e11a79bde0e2b2a28fb4f5,123
1757955057,,,/home/safe/Загрузки/jinx-league-of-legends-ai-art-5k-x1-3840x2160.jpg,90
1757955115,,,/home/safe/Загрузки/jinx-league-of-legends-ai-art-5k-x1-3840x2160.jpg,90
1757955330,,,/home/safe/Загрузки/jinx-league-of-legends-ai-art-5k-x1-3840x2160.jpg,90
1757955816,139,По битому стеклу - Мужской крик души. Песня, которая пробирает до мурашек (2025),https://youtu.be/YbwwyY9n2PI?si=DezPp6umkTOYfcDF,203
1757956956,139,По битому стеклу - Мужской крик души. Песня, которая пробирает до мурашек (2025),https://youtu.be/YbwwyY9n2PI?si=DezPp6umkTOYfcDF,203
1757957043,,,/home/safe/Downloads/yt-dlp/._2025-YbwwyY9n2PI.mkv,63
1757957104,29,Опустошение (2025),https://vod.plvideo.ru/FbZEopwh/cXyXEGJ0A4/zE2SWKSCv665aZH0xas/ZX,109
1757957141,24,Sky Sports News HD 50 UK,http://rhsbjv7k.tvclub.xyz/iptv/3G86VGDV4TLZSA/9314/index.m3u8,101
1757957152,33,Экоспаскоми (Коми),http://rhsbjv7k.tvclub.xyz/iptv/3G86VGDV4TLZSA/17018/index.m3u8,111
1757957160,22,Viasat Kino Megahit HD,http://rhsbjv7k.tvclub.xyz/iptv/3G86VGDV4TLZSA/14141/index.m3u8,100
1757957164,16,Viasat Serial HD,http://rhsbjv7k.tvclub.xyz/iptv/3G86VGDV4TLZSA/17056/index.m3u8,94
1757957174,16,BCU TruMotion HD,http://rhsbjv7k.tvclub.xyz/iptv/3G86VGDV4TLZSA/17054/index.m3u8,94
1757957193,,,http://rhsbjv7k.tvclub.xyz/iptv/X3SB52VH9P584RLVQNY5ARNB/20219/index.m3u8,86
1757957208,12,Exxxotica HD,http://rhsbjv7k.tvclub.xyz/iptv/X3SB52VH9P584RLVQNY5ARNB/2397/index.m3u8,99
1757957212,9,SexArt HD,http://rhsbjv7k.tvclub.xyz/iptv/X3SB52VH9P584RLVQNY5ARNB/6165/index.m3u8,95
1757957255,10,ТНТ4 HD,http://127.0.0.1:6878/ace/getstream?id=da27959a3e9ee97647df5aadd056021099e2d845,104
1757957258,9,ТНТ HD,http://127.0.0.1:6878/ace/getstream?id=caa3dad746d80a887e8a259f1c7c2eead749094b,102
1757957270,10,ТНТ4 HD,http://127.0.0.1:6878/ace/getstream?id=da27959a3e9ee97647df5aadd056021099e2d845,104
1757957289,10,ТНТ4 HD,http://127.0.0.1:6878/ace/getstream?id=da27959a3e9ee97647df5aadd056021099e2d845,104
1757957316,12,Anya.krey.4k,https://vkvideo.ru/video-226828199_456240083,71
1757957349,32,DontPeek_s01_AngelinaDiamanti_4k,https://vkvideo.ru/video-226828199_456239419,91
1757957460,16,BCU TruMotion HD,http://rhsbjv7k.tvclub.xyz/iptv/3G86VGDV4TLZSA/17054/index.m3u8,94
1757957542,26,Viju TV1000 Русское,http://rhsbjv7k.tvclub.xyz/iptv/3G86VGDV4TLZSA/101/index.m3u8,102
1757957548,16,BCU TruMotion HD,http://rhsbjv7k.tvclub.xyz/iptv/3G86VGDV4TLZSA/17054/index.m3u8,94
1757958079,24,Sky Sports News HD 50 UK,http://rhsbjv7k.tvclub.xyz/iptv/3G86VGDV4TLZSA/9314/index.m3u8,101
1757958138,24,Sky Sports News HD 50 UK,http://rhsbjv7k.tvclub.xyz/iptv/3G86VGDV4TLZSA/9314/index.m3u8,101
1757958268,24,Sky Sports News HD 50 UK,http://rhsbjv7k.tvclub.xyz/iptv/3G86VGDV4TLZSA/9314/index.m3u8,101
1757958277,,,http://rhsbjv7k.tvclub.xyz/iptv/3G86VGDV4TLZSA/9314/index.m3u8,75
1757958280,,,http://rhsbjv7k.tvclub.xyz/iptv/3G86VGDV4TLZSA/9314/index.m3u8,75
